<?xml version="1.0" encoding="UTF-8"?>
<testng-results ignored="0" total="1" passed="1" failed="0" skipped="0">
  <reporter-output>
  </reporter-output>
  <suite started-at="2025-12-02T20:33:16 IST" name="Default suite" finished-at="2025-12-02T20:34:26 IST" duration-ms="70391">
    <groups>
    </groups>
    <test started-at="2025-12-02T20:33:16 IST" name="Default test" finished-at="2025-12-02T20:34:26 IST" duration-ms="70391">
      <class name="PageObjects.Tests">
        <test-method is-config="true" signature="startReport()[pri:0, instance:PageObjects.Tests@3af9c5b7]" started-at="2025-12-02T20:33:15 IST" name="startReport" finished-at="2025-12-02T20:33:16 IST" duration-ms="701" status="PASS">
          <reporter-output>
          </reporter-output>
        </test-method> <!-- startReport -->
        <test-method is-config="true" signature="setup()[pri:0, instance:PageObjects.Tests@3af9c5b7]" started-at="2025-12-02T20:33:16 IST" name="setup" finished-at="2025-12-02T20:34:18 IST" duration-ms="61653" status="PASS">
          <reporter-output>
          </reporter-output>
        </test-method> <!-- setup -->
        <test-method signature="testUsername()[pri:0, instance:PageObjects.Tests@3af9c5b7]" started-at="2025-12-02T20:34:18 IST" name="testUsername" finished-at="2025-12-02T20:34:26 IST" duration-ms="8076" status="PASS">
          <reporter-output>
          </reporter-output>
        </test-method> <!-- testUsername -->
        <test-method is-config="true" signature="getResult(org.testng.ITestResult)[pri:0, instance:PageObjects.Tests@3af9c5b7]" started-at="2025-12-02T20:34:26 IST" name="getResult" finished-at="2025-12-02T20:34:26 IST" duration-ms="198" status="PASS">
          <params>
            <param index="0">
              <value>
                <![CDATA[[TestResult name=testUsername status=SUCCESS method=Tests.testUsername()[pri:0, instance:PageObjects.Tests@3af9c5b7] output={null}]]]>
              </value>
            </param>
          </params>
          <reporter-output>
          </reporter-output>
        </test-method> <!-- getResult -->
        <test-method is-config="true" signature="tearDown()[pri:0, instance:PageObjects.Tests@3af9c5b7]" started-at="2025-12-02T20:34:26 IST" name="tearDown" finished-at="2025-12-02T20:34:26 IST" duration-ms="410" status="PASS">
          <reporter-output>
          </reporter-output>
        </test-method> <!-- tearDown -->
        <test-method is-config="true" signature="endReport()[pri:0, instance:PageObjects.Tests@3af9c5b7]" started-at="2025-12-02T20:34:26 IST" name="endReport" finished-at="2025-12-02T20:34:29 IST" duration-ms="2289" status="PASS">
          <reporter-output>
          </reporter-output>
        </test-method> <!-- endReport -->
      </class> <!-- PageObjects.Tests -->
    </test> <!-- Default test -->
  </suite> <!-- Default suite -->
</testng-results>
