<?xml version="1.0" encoding="UTF-8"?>
<!-- Generated by org.testng.reporters.JUnitReportReporter -->
<testsuite hostname="DESKTOP-GCTU757" failures="0" tests="4" name="HybridFramework.TestRunner" time="6.320" errors="0" timestamp="2025-10-23T21:42:34 IST" skipped="0">
  <testcase classname="HybridFramework.TestRunner" name="login" time="5.518"/>
  <testcase classname="HybridFramework.TestRunner" name="sendkeys" time="0.318"/>
  <testcase classname="HybridFramework.TestRunner" name="function" time="0.389"/>
  <testcase classname="HybridFramework.TestRunner" name="logout" time="0.095"/>
</testsuite> <!-- HybridFramework.TestRunner -->
